mode: set
github.com/tsingbx/effective-go/ch5/cmd/hit/flags.go:26.34,28.9 2 1
github.com/tsingbx/effective-go/ch5/cmd/hit/flags.go:29.34,30.31 1 1
github.com/tsingbx/effective-go/ch5/cmd/hit/flags.go:31.18,32.34 1 1
github.com/tsingbx/effective-go/ch5/cmd/hit/flags.go:33.26,34.52 1 1
github.com/tsingbx/effective-go/ch5/cmd/hit/flags.go:35.20,36.35 1 1
github.com/tsingbx/effective-go/ch5/cmd/hit/flags.go:38.2,38.12 1 1
github.com/tsingbx/effective-go/ch5/cmd/hit/flags.go:41.50,42.43 1 1
github.com/tsingbx/effective-go/ch5/cmd/hit/flags.go:42.43,44.3 1 1
github.com/tsingbx/effective-go/ch5/cmd/hit/flags.go:45.2,45.14 1 1
github.com/tsingbx/effective-go/ch5/cmd/hit/flags.go:45.14,47.3 1 1
github.com/tsingbx/effective-go/ch5/cmd/hit/flags.go:48.2,48.15 1 1
github.com/tsingbx/effective-go/ch5/cmd/hit/flags.go:48.15,50.3 1 1
github.com/tsingbx/effective-go/ch5/cmd/hit/flags.go:51.2,52.30 2 1
github.com/tsingbx/effective-go/ch5/cmd/hit/flags.go:52.30,54.3 1 1
github.com/tsingbx/effective-go/ch5/cmd/hit/flags.go:56.2,57.56 2 1
github.com/tsingbx/effective-go/ch5/cmd/hit/flags.go:57.56,60.3 2 0
github.com/tsingbx/effective-go/ch5/cmd/hit/flags.go:62.2,63.39 2 1
github.com/tsingbx/effective-go/ch5/cmd/hit/flags.go:63.39,65.3 1 1
github.com/tsingbx/effective-go/ch5/cmd/hit/flags.go:67.2,68.33 2 1
github.com/tsingbx/effective-go/ch5/cmd/hit/flags.go:68.33,70.3 1 0
github.com/tsingbx/effective-go/ch5/cmd/hit/flags.go:72.2,72.12 1 1
github.com/tsingbx/effective-go/ch5/cmd/hit/flags.go:75.61,76.19 1 1
github.com/tsingbx/effective-go/ch5/cmd/hit/flags.go:76.19,79.3 2 1
github.com/tsingbx/effective-go/ch5/cmd/hit/flags.go:81.2,88.38 7 1
github.com/tsingbx/effective-go/ch5/cmd/hit/flags.go:88.38,90.3 1 1
github.com/tsingbx/effective-go/ch5/cmd/hit/flags.go:92.2,94.38 2 1
github.com/tsingbx/effective-go/ch5/cmd/hit/flags.go:94.38,98.3 3 1
github.com/tsingbx/effective-go/ch5/cmd/hit/flags.go:99.2,99.12 1 1
github.com/tsingbx/effective-go/ch5/cmd/hit/headers.go:15.29,17.28 2 0
github.com/tsingbx/effective-go/ch5/cmd/hit/headers.go:17.28,19.3 1 0
github.com/tsingbx/effective-go/ch5/cmd/hit/headers.go:20.2,20.33 1 0
github.com/tsingbx/effective-go/ch5/cmd/hit/headers.go:23.38,27.2 3 1
github.com/tsingbx/effective-go/ch5/cmd/hit/headers.go:29.47,31.11 2 1
github.com/tsingbx/effective-go/ch5/cmd/hit/headers.go:31.11,35.3 3 1
github.com/tsingbx/effective-go/ch5/cmd/hit/headers.go:36.2,36.40 1 1
github.com/tsingbx/effective-go/ch5/cmd/hit/headers.go:39.40,41.16 2 1
github.com/tsingbx/effective-go/ch5/cmd/hit/headers.go:41.16,43.3 1 1
github.com/tsingbx/effective-go/ch5/cmd/hit/headers.go:44.2,44.12 1 1
github.com/tsingbx/effective-go/ch5/cmd/hit/headers.go:47.36,49.2 1 1
github.com/tsingbx/effective-go/ch5/cmd/hit/headers.go:51.33,55.2 3 1
github.com/tsingbx/effective-go/ch5/cmd/hit/hit.go:25.22,27.2 1 1
github.com/tsingbx/effective-go/ch5/cmd/hit/hit.go:29.13,30.70 1 0
github.com/tsingbx/effective-go/ch5/cmd/hit/hit.go:30.70,32.3 1 0
github.com/tsingbx/effective-go/ch5/cmd/hit/hit.go:35.63,37.41 2 1
github.com/tsingbx/effective-go/ch5/cmd/hit/hit.go:37.41,39.3 1 1
github.com/tsingbx/effective-go/ch5/cmd/hit/hit.go:40.2,43.15 3 1
github.com/tsingbx/effective-go/ch5/cmd/hit/hit.go:43.15,45.3 1 0
github.com/tsingbx/effective-go/ch5/cmd/hit/hit.go:46.2,52.64 7 1
github.com/tsingbx/effective-go/ch5/cmd/hit/hit.go:52.64,56.3 3 1
github.com/tsingbx/effective-go/ch5/cmd/hit/hit.go:57.2,57.12 1 1
github.com/tsingbx/effective-go/ch5/cmd/hit/method.go:14.31,16.2 1 1
github.com/tsingbx/effective-go/ch5/cmd/hit/method.go:18.38,19.9 1 1
github.com/tsingbx/effective-go/ch5/cmd/hit/method.go:20.18,21.11 1 1
github.com/tsingbx/effective-go/ch5/cmd/hit/method.go:22.18,23.11 1 1
github.com/tsingbx/effective-go/ch5/cmd/hit/method.go:24.19,25.12 1 1
github.com/tsingbx/effective-go/ch5/cmd/hit/method.go:26.10,27.38 1 1
github.com/tsingbx/effective-go/ch5/cmd/hit/method.go:29.2,29.12 1 1
github.com/tsingbx/effective-go/ch5/cmd/hit/method.go:32.34,34.11 2 1
github.com/tsingbx/effective-go/ch5/cmd/hit/method.go:35.11,36.15 1 0
github.com/tsingbx/effective-go/ch5/cmd/hit/method.go:37.11,38.15 1 0
github.com/tsingbx/effective-go/ch5/cmd/hit/method.go:39.12,40.16 1 0
github.com/tsingbx/effective-go/ch5/cmd/hit/method.go:42.2,42.11 1 1
github.com/tsingbx/effective-go/ch5/cmd/hit/number.go:12.31,14.2 1 1
github.com/tsingbx/effective-go/ch5/cmd/hit/number.go:16.38,18.9 2 1
github.com/tsingbx/effective-go/ch5/cmd/hit/number.go:19.18,20.34 1 1
github.com/tsingbx/effective-go/ch5/cmd/hit/number.go:21.14,22.41 1 1
github.com/tsingbx/effective-go/ch5/cmd/hit/number.go:24.2,25.12 2 1
github.com/tsingbx/effective-go/ch5/cmd/hit/number.go:28.34,30.2 1 1
github.com/tsingbx/effective-go/ch5/cmd/hit/timeout.go:7.49,9.2 1 1
github.com/tsingbx/effective-go/ch5/cmd/hit/timeout.go:11.42,13.16 2 1
github.com/tsingbx/effective-go/ch5/cmd/hit/timeout.go:13.16,15.3 1 0
github.com/tsingbx/effective-go/ch5/cmd/hit/timeout.go:16.2,17.12 2 1
github.com/tsingbx/effective-go/ch5/cmd/hit/timeout.go:20.38,23.2 2 1
